

Started GET "/" for 127.0.0.1 at 2014-06-26 19:50:13 -0400
Processing by Rails::WelcomeController#index as HTML
  Rendered /Users/shannonfox/.rbenv/versions/2.1.2/lib/ruby/gems/2.1.0/gems/railties-4.1.2/lib/rails/templates/rails/welcome/index.html.erb (2.1ms)
Completed 200 OK in 26ms (Views: 9.2ms | ActiveRecord: 0.0ms)


Started GET "/analytics/traffic" for 127.0.0.1 at 2014-06-26 19:56:09 -0400
Processing by AnalyticsController#traffic as HTML
  Rendered analytics/traffic.html.erb within layouts/application (0.4ms)
Completed 200 OK in 874ms (Views: 873.4ms | ActiveRecord: 0.0ms)


Started GET "/assets/analytics.css?body=1" for 127.0.0.1 at 2014-06-26 19:56:10 -0400


Started GET "/assets/application.css?body=1" for 127.0.0.1 at 2014-06-26 19:56:10 -0400


Started GET "/assets/jquery_ujs.js?body=1" for 127.0.0.1 at 2014-06-26 19:56:10 -0400


Started GET "/assets/analytics.js?body=1" for 127.0.0.1 at 2014-06-26 19:56:10 -0400


Started GET "/assets/turbolinks.js?body=1" for 127.0.0.1 at 2014-06-26 19:56:10 -0400


Started GET "/assets/jquery.js?body=1" for 127.0.0.1 at 2014-06-26 19:56:10 -0400


Started GET "/assets/application.js?body=1" for 127.0.0.1 at 2014-06-26 19:56:10 -0400


Started GET "/analytics/traffic" for 127.0.0.1 at 2014-06-26 19:57:06 -0400
Processing by AnalyticsController#traffic as HTML
  Rendered analytics/traffic.html.erb within layouts/application (0.6ms)
Completed 200 OK in 7ms (Views: 6.0ms | ActiveRecord: 0.0ms)


Started GET "/assets/analytics.css?body=1" for 127.0.0.1 at 2014-06-26 19:57:06 -0400


Started GET "/assets/jquery.js?body=1" for 127.0.0.1 at 2014-06-26 19:57:06 -0400


Started GET "/assets/application.css?body=1" for 127.0.0.1 at 2014-06-26 19:57:06 -0400


Started GET "/assets/jquery_ujs.js?body=1" for 127.0.0.1 at 2014-06-26 19:57:06 -0400


Started GET "/assets/application.js?body=1" for 127.0.0.1 at 2014-06-26 19:57:06 -0400


Started GET "/assets/analytics.js?body=1" for 127.0.0.1 at 2014-06-26 19:57:06 -0400


Started GET "/assets/turbolinks.js?body=1" for 127.0.0.1 at 2014-06-26 19:57:06 -0400


Started GET "/analytics/traffic" for 127.0.0.1 at 2014-06-26 20:08:36 -0400
Processing by AnalyticsController#traffic as HTML
  Rendered analytics/traffic.html.erb within layouts/application (0.4ms)
Completed 200 OK in 5ms (Views: 4.7ms | ActiveRecord: 0.0ms)


Started GET "/assets/jquery.js?body=1" for 127.0.0.1 at 2014-06-26 20:08:36 -0400


Started GET "/assets/analytics.css?body=1" for 127.0.0.1 at 2014-06-26 20:08:36 -0400


Started GET "/assets/application.css?body=1" for 127.0.0.1 at 2014-06-26 20:08:36 -0400


Started GET "/assets/analytics.js?body=1" for 127.0.0.1 at 2014-06-26 20:08:36 -0400


Started GET "/assets/application.js?body=1" for 127.0.0.1 at 2014-06-26 20:08:36 -0400


Started GET "/assets/jquery_ujs.js?body=1" for 127.0.0.1 at 2014-06-26 20:08:36 -0400


Started GET "/assets/turbolinks.js?body=1" for 127.0.0.1 at 2014-06-26 20:08:36 -0400


Started GET "/analytics/traffic" for 127.0.0.1 at 2014-06-26 20:08:39 -0400
Processing by AnalyticsController#traffic as HTML
  Rendered analytics/traffic.html.erb within layouts/application (0.1ms)
Completed 200 OK in 6ms (Views: 5.6ms | ActiveRecord: 0.0ms)


Started GET "/assets/application.css?body=1" for 127.0.0.1 at 2014-06-26 20:08:39 -0400


Started GET "/assets/jquery.js?body=1" for 127.0.0.1 at 2014-06-26 20:08:39 -0400


Started GET "/assets/analytics.js?body=1" for 127.0.0.1 at 2014-06-26 20:08:39 -0400


Started GET "/assets/analytics.css?body=1" for 127.0.0.1 at 2014-06-26 20:08:39 -0400


Started GET "/assets/application.js?body=1" for 127.0.0.1 at 2014-06-26 20:08:39 -0400


Started GET "/assets/turbolinks.js?body=1" for 127.0.0.1 at 2014-06-26 20:08:39 -0400


Started GET "/assets/jquery_ujs.js?body=1" for 127.0.0.1 at 2014-06-26 20:08:39 -0400


Started GET "/analytics/traffic" for 127.0.0.1 at 2014-06-26 20:09:52 -0400
Processing by AnalyticsController#traffic as HTML
  Rendered analytics/traffic.html.erb within layouts/application (0.5ms)
Completed 200 OK in 7ms (Views: 6.2ms | ActiveRecord: 0.0ms)


Started GET "/assets/analytics.css?body=1" for 127.0.0.1 at 2014-06-26 20:09:52 -0400


Started GET "/assets/application.css?body=1" for 127.0.0.1 at 2014-06-26 20:09:52 -0400


Started GET "/assets/jquery_ujs.js?body=1" for 127.0.0.1 at 2014-06-26 20:09:52 -0400


Started GET "/assets/jquery.js?body=1" for 127.0.0.1 at 2014-06-26 20:09:52 -0400


Started GET "/assets/analytics.js?body=1" for 127.0.0.1 at 2014-06-26 20:09:52 -0400


Started GET "/assets/application.js?body=1" for 127.0.0.1 at 2014-06-26 20:09:52 -0400


Started GET "/assets/turbolinks.js?body=1" for 127.0.0.1 at 2014-06-26 20:09:52 -0400


Started GET "/analytics/traffic" for 127.0.0.1 at 2014-06-26 20:20:39 -0400
Processing by AnalyticsController#traffic as HTML
Completed 500 Internal Server Error in 11ms

ActionView::MissingTemplate (Missing template analytics/traffic, application/traffic with {:locale=>[:en], :formats=>[:html], :variants=>[], :handlers=>[:erb, :builder, :raw, :ruby, :jbuilder, :coffee]}. Searched in:
  * "/Users/shannonfox/Desktop/Rails Stuff/CanopyAnalytics/app/views"
):
  actionview (4.1.2) lib/action_view/path_set.rb:46:in `find'
  actionview (4.1.2) lib/action_view/lookup_context.rb:124:in `find'
  actionview (4.1.2) lib/action_view/renderer/abstract_renderer.rb:18:in `find_template'
  actionview (4.1.2) lib/action_view/renderer/template_renderer.rb:41:in `determine_template'
  actionview (4.1.2) lib/action_view/renderer/template_renderer.rb:8:in `render'
  actionview (4.1.2) lib/action_view/renderer/renderer.rb:42:in `render_template'
  actionview (4.1.2) lib/action_view/renderer/renderer.rb:23:in `render'
  actionview (4.1.2) lib/action_view/rendering.rb:99:in `_render_template'
  actionpack (4.1.2) lib/action_controller/metal/streaming.rb:217:in `_render_template'
  actionview (4.1.2) lib/action_view/rendering.rb:82:in `render_to_body'
  actionpack (4.1.2) lib/action_controller/metal/rendering.rb:32:in `render_to_body'
  actionpack (4.1.2) lib/action_controller/metal/renderers.rb:32:in `render_to_body'
  actionpack (4.1.2) lib/abstract_controller/rendering.rb:25:in `render'
  actionpack (4.1.2) lib/action_controller/metal/rendering.rb:16:in `render'
  actionpack (4.1.2) lib/action_controller/metal/instrumentation.rb:41:in `block (2 levels) in render'
  activesupport (4.1.2) lib/active_support/core_ext/benchmark.rb:12:in `block in ms'
  /Users/shannonfox/.rbenv/versions/2.1.2/lib/ruby/2.1.0/benchmark.rb:294:in `realtime'
  activesupport (4.1.2) lib/active_support/core_ext/benchmark.rb:12:in `ms'
  actionpack (4.1.2) lib/action_controller/metal/instrumentation.rb:41:in `block in render'
  actionpack (4.1.2) lib/action_controller/metal/instrumentation.rb:84:in `cleanup_view_runtime'
  activerecord (4.1.2) lib/active_record/railties/controller_runtime.rb:25:in `cleanup_view_runtime'
  actionpack (4.1.2) lib/action_controller/metal/instrumentation.rb:40:in `render'
  actionpack (4.1.2) lib/action_controller/metal/implicit_render.rb:10:in `default_render'
  actionpack (4.1.2) lib/action_controller/metal/implicit_render.rb:5:in `send_action'
  actionpack (4.1.2) lib/abstract_controller/base.rb:189:in `process_action'
  actionpack (4.1.2) lib/action_controller/metal/rendering.rb:10:in `process_action'
  actionpack (4.1.2) lib/abstract_controller/callbacks.rb:20:in `block in process_action'
  activesupport (4.1.2) lib/active_support/callbacks.rb:113:in `call'
  activesupport (4.1.2) lib/active_support/callbacks.rb:113:in `call'
  activesupport (4.1.2) lib/active_support/callbacks.rb:229:in `block in halting'
  activesupport (4.1.2) lib/active_support/callbacks.rb:229:in `call'
  activesupport (4.1.2) lib/active_support/callbacks.rb:229:in `block in halting'
  activesupport (4.1.2) lib/active_support/callbacks.rb:166:in `call'
  activesupport (4.1.2) lib/active_support/callbacks.rb:166:in `block in halting'
  activesupport (4.1.2) lib/active_support/callbacks.rb:166:in `call'
  activesupport (4.1.2) lib/active_support/callbacks.rb:166:in `block in halting'
  activesupport (4.1.2) lib/active_support/callbacks.rb:166:in `call'
  activesupport (4.1.2) lib/active_support/callbacks.rb:166:in `block in halting'
  activesupport (4.1.2) lib/active_support/callbacks.rb:86:in `call'
  activesupport (4.1.2) lib/active_support/callbacks.rb:86:in `run_callbacks'
  actionpack (4.1.2) lib/abstract_controller/callbacks.rb:19:in `process_action'
  actionpack (4.1.2) lib/action_controller/metal/rescue.rb:29:in `process_action'
  actionpack (4.1.2) lib/action_controller/metal/instrumentation.rb:31:in `block in process_action'
  activesupport (4.1.2) lib/active_support/notifications.rb:159:in `block in instrument'
  activesupport (4.1.2) lib/active_support/notifications/instrumenter.rb:20:in `instrument'
  activesupport (4.1.2) lib/active_support/notifications.rb:159:in `instrument'
  actionpack (4.1.2) lib/action_controller/metal/instrumentation.rb:30:in `process_action'
  actionpack (4.1.2) lib/action_controller/metal/params_wrapper.rb:250:in `process_action'
  activerecord (4.1.2) lib/active_record/railties/controller_runtime.rb:18:in `process_action'
  actionpack (4.1.2) lib/abstract_controller/base.rb:136:in `process'
  actionview (4.1.2) lib/action_view/rendering.rb:30:in `process'
  actionpack (4.1.2) lib/action_controller/metal.rb:196:in `dispatch'
  actionpack (4.1.2) lib/action_controller/metal/rack_delegation.rb:13:in `dispatch'
  actionpack (4.1.2) lib/action_controller/metal.rb:232:in `block in action'
  actionpack (4.1.2) lib/action_dispatch/routing/route_set.rb:82:in `call'
  actionpack (4.1.2) lib/action_dispatch/routing/route_set.rb:82:in `dispatch'
  actionpack (4.1.2) lib/action_dispatch/routing/route_set.rb:50:in `call'
  actionpack (4.1.2) lib/action_dispatch/journey/router.rb:71:in `block in call'
  actionpack (4.1.2) lib/action_dispatch/journey/router.rb:59:in `each'
  actionpack (4.1.2) lib/action_dispatch/journey/router.rb:59:in `call'
  actionpack (4.1.2) lib/action_dispatch/routing/route_set.rb:678:in `call'
  rack (1.5.2) lib/rack/etag.rb:23:in `call'
  rack (1.5.2) lib/rack/conditionalget.rb:25:in `call'
  rack (1.5.2) lib/rack/head.rb:11:in `call'
  actionpack (4.1.2) lib/action_dispatch/middleware/params_parser.rb:27:in `call'
  actionpack (4.1.2) lib/action_dispatch/middleware/flash.rb:254:in `call'
  rack (1.5.2) lib/rack/session/abstract/id.rb:225:in `context'
  rack (1.5.2) lib/rack/session/abstract/id.rb:220:in `call'
  actionpack (4.1.2) lib/action_dispatch/middleware/cookies.rb:560:in `call'
  activerecord (4.1.2) lib/active_record/query_cache.rb:36:in `call'
  activerecord (4.1.2) lib/active_record/connection_adapters/abstract/connection_pool.rb:621:in `call'
  activerecord (4.1.2) lib/active_record/migration.rb:380:in `call'
  actionpack (4.1.2) lib/action_dispatch/middleware/callbacks.rb:29:in `block in call'
  activesupport (4.1.2) lib/active_support/callbacks.rb:82:in `run_callbacks'
  actionpack (4.1.2) lib/action_dispatch/middleware/callbacks.rb:27:in `call'
  actionpack (4.1.2) lib/action_dispatch/middleware/reloader.rb:73:in `call'
  actionpack (4.1.2) lib/action_dispatch/middleware/remote_ip.rb:76:in `call'
  actionpack (4.1.2) lib/action_dispatch/middleware/debug_exceptions.rb:17:in `call'
  actionpack (4.1.2) lib/action_dispatch/middleware/show_exceptions.rb:30:in `call'
  railties (4.1.2) lib/rails/rack/logger.rb:38:in `call_app'
  railties (4.1.2) lib/rails/rack/logger.rb:20:in `block in call'
  activesupport (4.1.2) lib/active_support/tagged_logging.rb:68:in `block in tagged'
  activesupport (4.1.2) lib/active_support/tagged_logging.rb:26:in `tagged'
  activesupport (4.1.2) lib/active_support/tagged_logging.rb:68:in `tagged'
  railties (4.1.2) lib/rails/rack/logger.rb:20:in `call'
  actionpack (4.1.2) lib/action_dispatch/middleware/request_id.rb:21:in `call'
  rack (1.5.2) lib/rack/methodoverride.rb:21:in `call'
  rack (1.5.2) lib/rack/runtime.rb:17:in `call'
  activesupport (4.1.2) lib/active_support/cache/strategy/local_cache_middleware.rb:26:in `call'
  rack (1.5.2) lib/rack/lock.rb:17:in `call'
  actionpack (4.1.2) lib/action_dispatch/middleware/static.rb:64:in `call'
  rack (1.5.2) lib/rack/sendfile.rb:112:in `call'
  railties (4.1.2) lib/rails/engine.rb:514:in `call'
  railties (4.1.2) lib/rails/application.rb:144:in `call'
  rack (1.5.2) lib/rack/lock.rb:17:in `call'
  rack (1.5.2) lib/rack/content_length.rb:14:in `call'
  rack (1.5.2) lib/rack/handler/webrick.rb:60:in `service'
  /Users/shannonfox/.rbenv/versions/2.1.2/lib/ruby/2.1.0/webrick/httpserver.rb:138:in `service'
  /Users/shannonfox/.rbenv/versions/2.1.2/lib/ruby/2.1.0/webrick/httpserver.rb:94:in `run'
  /Users/shannonfox/.rbenv/versions/2.1.2/lib/ruby/2.1.0/webrick/server.rb:295:in `block in start_thread'


  Rendered /Users/shannonfox/.rbenv/versions/2.1.2/lib/ruby/gems/2.1.0/gems/actionpack-4.1.2/lib/action_dispatch/middleware/templates/rescues/missing_template.html.erb within rescues/layout (0.4ms)


Started GET "/analytics/traffic" for 127.0.0.1 at 2014-06-26 20:21:47 -0400
Processing by AnalyticsController#traffic as HTML
  Rendered analytics/traffic.html.haml within layouts/application (3.5ms)
Completed 500 Internal Server Error in 27ms

ActionView::Template::Error (Filter "script" is not defined.):
  haml (4.0.5) lib/haml/compiler.rb:270:in `compile_filter'
  haml (4.0.5) lib/haml/compiler.rb:20:in `compile'
  haml (4.0.5) lib/haml/compiler.rb:22:in `block (2 levels) in compile'
  haml (4.0.5) lib/haml/compiler.rb:22:in `each'
  haml (4.0.5) lib/haml/compiler.rb:22:in `block in compile'
  haml (4.0.5) lib/haml/compiler.rb:95:in `compile_root'
  haml (4.0.5) lib/haml/compiler.rb:22:in `compile'
  haml (4.0.5) lib/haml/engine.rb:66:in `initialize'
  haml (4.0.5) lib/haml/template/plugin.rb:25:in `new'
  haml (4.0.5) lib/haml/template/plugin.rb:25:in `compile'
  haml (4.0.5) lib/haml/template/plugin.rb:30:in `call'
  actionview (4.1.2) lib/action_view/template.rb:270:in `compile'
  actionview (4.1.2) lib/action_view/template.rb:245:in `block (2 levels) in compile!'
  activesupport (4.1.2) lib/active_support/notifications.rb:161:in `instrument'
  actionview (4.1.2) lib/action_view/template.rb:339:in `instrument'
  actionview (4.1.2) lib/action_view/template.rb:244:in `block in compile!'
  actionview (4.1.2) lib/action_view/template.rb:232:in `synchronize'
  actionview (4.1.2) lib/action_view/template.rb:232:in `compile!'
  actionview (4.1.2) lib/action_view/template.rb:144:in `block in render'
  activesupport (4.1.2) lib/active_support/notifications.rb:161:in `instrument'
  actionview (4.1.2) lib/action_view/template.rb:339:in `instrument'
  actionview (4.1.2) lib/action_view/template.rb:143:in `render'
  actionview (4.1.2) lib/action_view/renderer/template_renderer.rb:55:in `block (2 levels) in render_template'
  actionview (4.1.2) lib/action_view/renderer/abstract_renderer.rb:38:in `block in instrument'
  activesupport (4.1.2) lib/active_support/notifications.rb:159:in `block in instrument'
  activesupport (4.1.2) lib/active_support/notifications/instrumenter.rb:20:in `instrument'
  activesupport (4.1.2) lib/active_support/notifications.rb:159:in `instrument'
  actionview (4.1.2) lib/action_view/renderer/abstract_renderer.rb:38:in `instrument'
  actionview (4.1.2) lib/action_view/renderer/template_renderer.rb:54:in `block in render_template'
  actionview (4.1.2) lib/action_view/renderer/template_renderer.rb:62:in `render_with_layout'
  actionview (4.1.2) lib/action_view/renderer/template_renderer.rb:53:in `render_template'
  actionview (4.1.2) lib/action_view/renderer/template_renderer.rb:17:in `render'
  actionview (4.1.2) lib/action_view/renderer/renderer.rb:42:in `render_template'
  actionview (4.1.2) lib/action_view/renderer/renderer.rb:23:in `render'
  actionview (4.1.2) lib/action_view/rendering.rb:99:in `_render_template'
  actionpack (4.1.2) lib/action_controller/metal/streaming.rb:217:in `_render_template'
  actionview (4.1.2) lib/action_view/rendering.rb:82:in `render_to_body'
  actionpack (4.1.2) lib/action_controller/metal/rendering.rb:32:in `render_to_body'
  actionpack (4.1.2) lib/action_controller/metal/renderers.rb:32:in `render_to_body'
  actionpack (4.1.2) lib/abstract_controller/rendering.rb:25:in `render'
  actionpack (4.1.2) lib/action_controller/metal/rendering.rb:16:in `render'
  actionpack (4.1.2) lib/action_controller/metal/instrumentation.rb:41:in `block (2 levels) in render'
  activesupport (4.1.2) lib/active_support/core_ext/benchmark.rb:12:in `block in ms'
  /Users/shannonfox/.rbenv/versions/2.1.2/lib/ruby/2.1.0/benchmark.rb:294:in `realtime'
  activesupport (4.1.2) lib/active_support/core_ext/benchmark.rb:12:in `ms'
  actionpack (4.1.2) lib/action_controller/metal/instrumentation.rb:41:in `block in render'
  actionpack (4.1.2) lib/action_controller/metal/instrumentation.rb:84:in `cleanup_view_runtime'
  activerecord (4.1.2) lib/active_record/railties/controller_runtime.rb:25:in `cleanup_view_runtime'
  actionpack (4.1.2) lib/action_controller/metal/instrumentation.rb:40:in `render'
  actionpack (4.1.2) lib/action_controller/metal/implicit_render.rb:10:in `default_render'
  actionpack (4.1.2) lib/action_controller/metal/implicit_render.rb:5:in `send_action'
  actionpack (4.1.2) lib/abstract_controller/base.rb:189:in `process_action'
  actionpack (4.1.2) lib/action_controller/metal/rendering.rb:10:in `process_action'
  actionpack (4.1.2) lib/abstract_controller/callbacks.rb:20:in `block in process_action'
  activesupport (4.1.2) lib/active_support/callbacks.rb:113:in `call'
  activesupport (4.1.2) lib/active_support/callbacks.rb:113:in `call'
  activesupport (4.1.2) lib/active_support/callbacks.rb:229:in `block in halting'
  activesupport (4.1.2) lib/active_support/callbacks.rb:229:in `call'
  activesupport (4.1.2) lib/active_support/callbacks.rb:229:in `block in halting'
  activesupport (4.1.2) lib/active_support/callbacks.rb:166:in `call'
  activesupport (4.1.2) lib/active_support/callbacks.rb:166:in `block in halting'
  activesupport (4.1.2) lib/active_support/callbacks.rb:166:in `call'
  activesupport (4.1.2) lib/active_support/callbacks.rb:166:in `block in halting'
  activesupport (4.1.2) lib/active_support/callbacks.rb:166:in `call'
  activesupport (4.1.2) lib/active_support/callbacks.rb:166:in `block in halting'
  activesupport (4.1.2) lib/active_support/callbacks.rb:86:in `call'
  activesupport (4.1.2) lib/active_support/callbacks.rb:86:in `run_callbacks'
  actionpack (4.1.2) lib/abstract_controller/callbacks.rb:19:in `process_action'
  actionpack (4.1.2) lib/action_controller/metal/rescue.rb:29:in `process_action'
  actionpack (4.1.2) lib/action_controller/metal/instrumentation.rb:31:in `block in process_action'
  activesupport (4.1.2) lib/active_support/notifications.rb:159:in `block in instrument'
  activesupport (4.1.2) lib/active_support/notifications/instrumenter.rb:20:in `instrument'
  activesupport (4.1.2) lib/active_support/notifications.rb:159:in `instrument'
  actionpack (4.1.2) lib/action_controller/metal/instrumentation.rb:30:in `process_action'
  actionpack (4.1.2) lib/action_controller/metal/params_wrapper.rb:250:in `process_action'
  activerecord (4.1.2) lib/active_record/railties/controller_runtime.rb:18:in `process_action'
  actionpack (4.1.2) lib/abstract_controller/base.rb:136:in `process'
  actionview (4.1.2) lib/action_view/rendering.rb:30:in `process'
  actionpack (4.1.2) lib/action_controller/metal.rb:196:in `dispatch'
  actionpack (4.1.2) lib/action_controller/metal/rack_delegation.rb:13:in `dispatch'
  actionpack (4.1.2) lib/action_controller/metal.rb:232:in `block in action'
  actionpack (4.1.2) lib/action_dispatch/routing/route_set.rb:82:in `call'
  actionpack (4.1.2) lib/action_dispatch/routing/route_set.rb:82:in `dispatch'
  actionpack (4.1.2) lib/action_dispatch/routing/route_set.rb:50:in `call'
  actionpack (4.1.2) lib/action_dispatch/journey/router.rb:71:in `block in call'
  actionpack (4.1.2) lib/action_dispatch/journey/router.rb:59:in `each'
  actionpack (4.1.2) lib/action_dispatch/journey/router.rb:59:in `call'
  actionpack (4.1.2) lib/action_dispatch/routing/route_set.rb:678:in `call'
  rack (1.5.2) lib/rack/etag.rb:23:in `call'
  rack (1.5.2) lib/rack/conditionalget.rb:25:in `call'
  rack (1.5.2) lib/rack/head.rb:11:in `call'
  actionpack (4.1.2) lib/action_dispatch/middleware/params_parser.rb:27:in `call'
  actionpack (4.1.2) lib/action_dispatch/middleware/flash.rb:254:in `call'
  rack (1.5.2) lib/rack/session/abstract/id.rb:225:in `context'
  rack (1.5.2) lib/rack/session/abstract/id.rb:220:in `call'
  actionpack (4.1.2) lib/action_dispatch/middleware/cookies.rb:560:in `call'
  activerecord (4.1.2) lib/active_record/query_cache.rb:36:in `call'
  activerecord (4.1.2) lib/active_record/connection_adapters/abstract/connection_pool.rb:621:in `call'
  activerecord (4.1.2) lib/active_record/migration.rb:380:in `call'
  actionpack (4.1.2) lib/action_dispatch/middleware/callbacks.rb:29:in `block in call'
  activesupport (4.1.2) lib/active_support/callbacks.rb:82:in `run_callbacks'
  actionpack (4.1.2) lib/action_dispatch/middleware/callbacks.rb:27:in `call'
  actionpack (4.1.2) lib/action_dispatch/middleware/reloader.rb:73:in `call'
  actionpack (4.1.2) lib/action_dispatch/middleware/remote_ip.rb:76:in `call'
  actionpack (4.1.2) lib/action_dispatch/middleware/debug_exceptions.rb:17:in `call'
  actionpack (4.1.2) lib/action_dispatch/middleware/show_exceptions.rb:30:in `call'
  railties (4.1.2) lib/rails/rack/logger.rb:38:in `call_app'
  railties (4.1.2) lib/rails/rack/logger.rb:20:in `block in call'
  activesupport (4.1.2) lib/active_support/tagged_logging.rb:68:in `block in tagged'
  activesupport (4.1.2) lib/active_support/tagged_logging.rb:26:in `tagged'
  activesupport (4.1.2) lib/active_support/tagged_logging.rb:68:in `tagged'
  railties (4.1.2) lib/rails/rack/logger.rb:20:in `call'
  actionpack (4.1.2) lib/action_dispatch/middleware/request_id.rb:21:in `call'
  rack (1.5.2) lib/rack/methodoverride.rb:21:in `call'
  rack (1.5.2) lib/rack/runtime.rb:17:in `call'
  activesupport (4.1.2) lib/active_support/cache/strategy/local_cache_middleware.rb:26:in `call'
  rack (1.5.2) lib/rack/lock.rb:17:in `call'
  actionpack (4.1.2) lib/action_dispatch/middleware/static.rb:64:in `call'
  rack (1.5.2) lib/rack/sendfile.rb:112:in `call'
  railties (4.1.2) lib/rails/engine.rb:514:in `call'
  railties (4.1.2) lib/rails/application.rb:144:in `call'
  rack (1.5.2) lib/rack/lock.rb:17:in `call'
  rack (1.5.2) lib/rack/content_length.rb:14:in `call'
  rack (1.5.2) lib/rack/handler/webrick.rb:60:in `service'
  /Users/shannonfox/.rbenv/versions/2.1.2/lib/ruby/2.1.0/webrick/httpserver.rb:138:in `service'
  /Users/shannonfox/.rbenv/versions/2.1.2/lib/ruby/2.1.0/webrick/httpserver.rb:94:in `run'
  /Users/shannonfox/.rbenv/versions/2.1.2/lib/ruby/2.1.0/webrick/server.rb:295:in `block in start_thread'


  Rendered /Users/shannonfox/.rbenv/versions/2.1.2/lib/ruby/gems/2.1.0/gems/actionpack-4.1.2/lib/action_dispatch/middleware/templates/rescues/template_error.html.erb within rescues/layout (6.0ms)


Started GET "/analytics/traffic" for 127.0.0.1 at 2014-06-26 20:23:25 -0400
Processing by AnalyticsController#traffic as HTML
  Rendered analytics/traffic.html.haml within layouts/application (4.4ms)
Completed 200 OK in 41ms (Views: 40.0ms | ActiveRecord: 0.0ms)


Started GET "/assets/analytics.css?body=1" for 127.0.0.1 at 2014-06-26 20:23:25 -0400


Started GET "/assets/jquery.js?body=1" for 127.0.0.1 at 2014-06-26 20:23:25 -0400


Started GET "/assets/application.css?body=1" for 127.0.0.1 at 2014-06-26 20:23:25 -0400


Started GET "/assets/application.js?body=1" for 127.0.0.1 at 2014-06-26 20:23:25 -0400


Started GET "/assets/jquery_ujs.js?body=1" for 127.0.0.1 at 2014-06-26 20:23:25 -0400


Started GET "/assets/analytics.js?body=1" for 127.0.0.1 at 2014-06-26 20:23:25 -0400


Started GET "/assets/turbolinks.js?body=1" for 127.0.0.1 at 2014-06-26 20:23:25 -0400


Started GET "/analytics/traffic" for 127.0.0.1 at 2014-06-26 20:24:15 -0400
Processing by AnalyticsController#traffic as HTML
  Rendered analytics/traffic.html.haml within layouts/application (2.0ms)
Completed 500 Internal Server Error in 5ms

ActionView::Template::Error (Inconsistent indentation: 2 spaces used for indentation, but the rest of the document was indented using 1 tab.):
    14: 	});
    15: 
    16: 	:coffee
    17:   $ ->
    18:     Keen.onChartsReady () ->
    19:       s1 = new Keen.Step "page-load",
    20:         name: "Logged out page load"
  app/views/analytics/traffic.html.haml:17


  Rendered /Users/shannonfox/.rbenv/versions/2.1.2/lib/ruby/gems/2.1.0/gems/actionpack-4.1.2/lib/action_dispatch/middleware/templates/rescues/_trace.html.erb (1.4ms)
  Rendered /Users/shannonfox/.rbenv/versions/2.1.2/lib/ruby/gems/2.1.0/gems/actionpack-4.1.2/lib/action_dispatch/middleware/templates/rescues/_request_and_response.html.erb (1.3ms)
  Rendered /Users/shannonfox/.rbenv/versions/2.1.2/lib/ruby/gems/2.1.0/gems/actionpack-4.1.2/lib/action_dispatch/middleware/templates/rescues/template_error.html.erb within rescues/layout (17.0ms)


Started GET "/analytics/traffic" for 127.0.0.1 at 2014-06-26 20:25:30 -0400
Processing by AnalyticsController#traffic as HTML
  Rendered analytics/traffic.html.haml within layouts/application (2.4ms)
Completed 500 Internal Server Error in 5ms

ActionView::Template::Error (Inconsistent indentation: 2 spaces used for indentation, but the rest of the document was indented using 1 tab.):
    13: 	  });
    14: 	});
    15: :coffee
    16:   $ ->
    17:     Keen.onChartsReady () ->
    18:       s1 = new Keen.Step "page-load",
    19:         name: "Logged out page load"
  app/views/analytics/traffic.html.haml:16


  Rendered /Users/shannonfox/.rbenv/versions/2.1.2/lib/ruby/gems/2.1.0/gems/actionpack-4.1.2/lib/action_dispatch/middleware/templates/rescues/_trace.html.erb (1.4ms)
  Rendered /Users/shannonfox/.rbenv/versions/2.1.2/lib/ruby/gems/2.1.0/gems/actionpack-4.1.2/lib/action_dispatch/middleware/templates/rescues/_request_and_response.html.erb (2.6ms)
  Rendered /Users/shannonfox/.rbenv/versions/2.1.2/lib/ruby/gems/2.1.0/gems/actionpack-4.1.2/lib/action_dispatch/middleware/templates/rescues/template_error.html.erb within rescues/layout (18.1ms)


Started GET "/analytics/traffic" for 127.0.0.1 at 2014-06-26 20:26:14 -0400
Processing by AnalyticsController#traffic as HTML
  Rendered analytics/traffic.html.haml within layouts/application (104.1ms)
Completed 200 OK in 110ms (Views: 109.0ms | ActiveRecord: 0.0ms)


Started GET "/assets/analytics.css?body=1" for 127.0.0.1 at 2014-06-26 20:26:14 -0400


Started GET "/assets/application.css?body=1" for 127.0.0.1 at 2014-06-26 20:26:14 -0400


Started GET "/assets/jquery_ujs.js?body=1" for 127.0.0.1 at 2014-06-26 20:26:14 -0400


Started GET "/assets/jquery.js?body=1" for 127.0.0.1 at 2014-06-26 20:26:14 -0400


Started GET "/assets/analytics.js?body=1" for 127.0.0.1 at 2014-06-26 20:26:14 -0400


Started GET "/assets/turbolinks.js?body=1" for 127.0.0.1 at 2014-06-26 20:26:14 -0400


Started GET "/assets/application.js?body=1" for 127.0.0.1 at 2014-06-26 20:26:14 -0400


Started GET "/analytics/traffic" for 127.0.0.1 at 2014-06-26 20:27:16 -0400
Processing by AnalyticsController#traffic as HTML
  Rendered analytics/traffic.html.haml within layouts/application (157.4ms)
Completed 200 OK in 166ms (Views: 164.8ms | ActiveRecord: 0.0ms)


Started GET "/assets/application.css?body=1" for 127.0.0.1 at 2014-06-26 20:27:17 -0400


Started GET "/assets/analytics.css?body=1" for 127.0.0.1 at 2014-06-26 20:27:17 -0400


Started GET "/assets/jquery_ujs.js?body=1" for 127.0.0.1 at 2014-06-26 20:27:17 -0400


Started GET "/assets/analytics.js?body=1" for 127.0.0.1 at 2014-06-26 20:27:17 -0400


Started GET "/assets/jquery.js?body=1" for 127.0.0.1 at 2014-06-26 20:27:17 -0400


Started GET "/assets/turbolinks.js?body=1" for 127.0.0.1 at 2014-06-26 20:27:17 -0400


Started GET "/assets/application.js?body=1" for 127.0.0.1 at 2014-06-26 20:27:17 -0400


Started GET "/analytics/traffic" for 127.0.0.1 at 2014-06-26 20:29:31 -0400
Processing by AnalyticsController#traffic as HTML
  Rendered analytics/traffic.html.haml within layouts/application (150.3ms)
Completed 200 OK in 157ms (Views: 156.6ms | ActiveRecord: 0.0ms)


Started GET "/assets/jquery.js?body=1" for 127.0.0.1 at 2014-06-26 20:29:31 -0400


Started GET "/assets/turbolinks.js?body=1" for 127.0.0.1 at 2014-06-26 20:29:31 -0400


Started GET "/assets/analytics.js?body=1" for 127.0.0.1 at 2014-06-26 20:29:31 -0400


Started GET "/assets/application.css?body=1" for 127.0.0.1 at 2014-06-26 20:29:31 -0400


Started GET "/assets/analytics.css?body=1" for 127.0.0.1 at 2014-06-26 20:29:31 -0400


Started GET "/assets/application.js?body=1" for 127.0.0.1 at 2014-06-26 20:29:31 -0400


Started GET "/assets/jquery_ujs.js?body=1" for 127.0.0.1 at 2014-06-26 20:29:31 -0400


Started GET "/analytics/traffic" for 127.0.0.1 at 2014-06-26 20:34:57 -0400
Processing by AnalyticsController#traffic as HTML
  Rendered analytics/traffic.html.haml within layouts/application (121.8ms)
Completed 200 OK in 130ms (Views: 128.8ms | ActiveRecord: 0.0ms)


Started GET "/assets/analytics.css?body=1" for 127.0.0.1 at 2014-06-26 20:34:57 -0400


Started GET "/assets/turbolinks.js?body=1" for 127.0.0.1 at 2014-06-26 20:34:57 -0400


Started GET "/assets/jquery.js?body=1" for 127.0.0.1 at 2014-06-26 20:34:58 -0400


Started GET "/assets/analytics.js?body=1" for 127.0.0.1 at 2014-06-26 20:34:58 -0400


Started GET "/assets/application.css?body=1" for 127.0.0.1 at 2014-06-26 20:34:58 -0400


Started GET "/assets/jquery_ujs.js?body=1" for 127.0.0.1 at 2014-06-26 20:34:58 -0400


Started GET "/assets/application.js?body=1" for 127.0.0.1 at 2014-06-26 20:34:58 -0400


Started GET "/analytics/events" for 127.0.0.1 at 2014-06-26 20:59:15 -0400

ArgumentError (Missing :controller key on routes definition, please check your routes.):
  config/routes.rb:8:in `block in <top (required)>'
  config/routes.rb:1:in `<top (required)>'


  Rendered /Users/shannonfox/.rbenv/versions/2.1.2/lib/ruby/gems/2.1.0/gems/actionpack-4.1.2/lib/action_dispatch/middleware/templates/rescues/_source.erb (0.9ms)
  Rendered /Users/shannonfox/.rbenv/versions/2.1.2/lib/ruby/gems/2.1.0/gems/actionpack-4.1.2/lib/action_dispatch/middleware/templates/rescues/_trace.html.erb (1.5ms)
  Rendered /Users/shannonfox/.rbenv/versions/2.1.2/lib/ruby/gems/2.1.0/gems/actionpack-4.1.2/lib/action_dispatch/middleware/templates/rescues/_request_and_response.html.erb (0.9ms)
  Rendered /Users/shannonfox/.rbenv/versions/2.1.2/lib/ruby/gems/2.1.0/gems/actionpack-4.1.2/lib/action_dispatch/middleware/templates/rescues/diagnostics.erb within rescues/layout (28.2ms)


Started GET "/analytics/events" for 127.0.0.1 at 2014-06-26 20:59:50 -0400
Processing by AnalyticsController#events as HTML
  Rendered analytics/events.html.haml within layouts/application (3.2ms)
Completed 200 OK in 53ms (Views: 37.6ms | ActiveRecord: 0.0ms)


Started GET "/assets/application.css?body=1" for 127.0.0.1 at 2014-06-26 20:59:51 -0400


Started GET "/assets/analytics.css?body=1" for 127.0.0.1 at 2014-06-26 20:59:51 -0400


Started GET "/assets/application.js?body=1" for 127.0.0.1 at 2014-06-26 20:59:51 -0400


Started GET "/assets/jquery_ujs.js?body=1" for 127.0.0.1 at 2014-06-26 20:59:51 -0400


Started GET "/assets/jquery.js?body=1" for 127.0.0.1 at 2014-06-26 20:59:51 -0400


Started GET "/assets/analytics.js?body=1" for 127.0.0.1 at 2014-06-26 20:59:51 -0400


Started GET "/assets/turbolinks.js?body=1" for 127.0.0.1 at 2014-06-26 20:59:51 -0400


Started GET "/analytics/test" for 127.0.0.1 at 2014-06-26 21:00:41 -0400
Processing by AnalyticsController#test as HTML
  Rendered analytics/test.html.haml within layouts/application (1.2ms)
Completed 200 OK in 8ms (Views: 7.7ms | ActiveRecord: 0.0ms)


Started GET "/assets/analytics.css?body=1" for 127.0.0.1 at 2014-06-26 21:00:41 -0400


Started GET "/assets/jquery.js?body=1" for 127.0.0.1 at 2014-06-26 21:00:41 -0400


Started GET "/assets/jquery_ujs.js?body=1" for 127.0.0.1 at 2014-06-26 21:00:41 -0400


Started GET "/assets/application.js?body=1" for 127.0.0.1 at 2014-06-26 21:00:41 -0400


Started GET "/assets/application.css?body=1" for 127.0.0.1 at 2014-06-26 21:00:41 -0400


Started GET "/assets/analytics.js?body=1" for 127.0.0.1 at 2014-06-26 21:00:41 -0400


Started GET "/assets/turbolinks.js?body=1" for 127.0.0.1 at 2014-06-26 21:00:41 -0400


Started GET "/analytics/test" for 127.0.0.1 at 2014-06-26 21:02:03 -0400
Processing by AnalyticsController#test as HTML
  Rendered analytics/test.html.haml within layouts/application (0.1ms)
Completed 200 OK in 10ms (Views: 9.7ms | ActiveRecord: 0.0ms)


Started GET "/assets/application.css?body=1" for 127.0.0.1 at 2014-06-26 21:02:03 -0400


Started GET "/assets/analytics.js?body=1" for 127.0.0.1 at 2014-06-26 21:02:03 -0400


Started GET "/assets/application.js?body=1" for 127.0.0.1 at 2014-06-26 21:02:03 -0400


Started GET "/assets/turbolinks.js?body=1" for 127.0.0.1 at 2014-06-26 21:02:03 -0400


Started GET "/assets/analytics.css?body=1" for 127.0.0.1 at 2014-06-26 21:02:03 -0400


Started GET "/assets/jquery_ujs.js?body=1" for 127.0.0.1 at 2014-06-26 21:02:03 -0400


Started GET "/assets/jquery.js?body=1" for 127.0.0.1 at 2014-06-26 21:02:03 -0400


Started GET "/analytics/test" for 127.0.0.1 at 2014-06-26 21:02:28 -0400
Processing by AnalyticsController#test as HTML
  Rendered analytics/test.html.haml within layouts/application (0.2ms)
Completed 200 OK in 21ms (Views: 20.0ms | ActiveRecord: 0.0ms)


Started GET "/assets/application.css?body=1" for 127.0.0.1 at 2014-06-26 21:02:28 -0400


Started GET "/assets/analytics.css?body=1" for 127.0.0.1 at 2014-06-26 21:02:28 -0400


Started GET "/assets/jquery_ujs.js?body=1" for 127.0.0.1 at 2014-06-26 21:02:28 -0400


Started GET "/assets/turbolinks.js?body=1" for 127.0.0.1 at 2014-06-26 21:02:28 -0400


Started GET "/assets/application.js?body=1" for 127.0.0.1 at 2014-06-26 21:02:28 -0400


Started GET "/assets/analytics.js?body=1" for 127.0.0.1 at 2014-06-26 21:02:28 -0400


Started GET "/assets/jquery.js?body=1" for 127.0.0.1 at 2014-06-26 21:02:28 -0400


Started GET "/analytics/test" for 127.0.0.1 at 2014-06-26 21:02:45 -0400
Processing by AnalyticsController#test as HTML
  Rendered analytics/test.html.haml within layouts/application (0.1ms)
Completed 200 OK in 12ms (Views: 11.4ms | ActiveRecord: 0.0ms)


Started GET "/assets/analytics.css?body=1" for 127.0.0.1 at 2014-06-26 21:02:45 -0400


Started GET "/assets/jquery_ujs.js?body=1" for 127.0.0.1 at 2014-06-26 21:02:45 -0400


Started GET "/assets/application.css?body=1" for 127.0.0.1 at 2014-06-26 21:02:45 -0400


Started GET "/assets/jquery.js?body=1" for 127.0.0.1 at 2014-06-26 21:02:45 -0400


Started GET "/assets/analytics.js?body=1" for 127.0.0.1 at 2014-06-26 21:02:45 -0400


Started GET "/assets/application.js?body=1" for 127.0.0.1 at 2014-06-26 21:02:45 -0400


Started GET "/assets/turbolinks.js?body=1" for 127.0.0.1 at 2014-06-26 21:02:45 -0400


Started GET "/analytics/traffic" for 127.0.0.1 at 2014-06-26 21:02:47 -0400
Processing by AnalyticsController#traffic as HTML
  Rendered analytics/traffic.html.haml within layouts/application (167.2ms)
Completed 200 OK in 179ms (Views: 177.0ms | ActiveRecord: 0.0ms)


Started GET "/analytics/events" for 127.0.0.1 at 2014-06-26 21:02:48 -0400
Processing by AnalyticsController#events as HTML
  Rendered analytics/events.html.haml within layouts/application (1.1ms)
Completed 200 OK in 14ms (Views: 10.5ms | ActiveRecord: 0.0ms)


Started GET "/analytics/test" for 127.0.0.1 at 2014-06-26 21:02:49 -0400
Processing by AnalyticsController#test as HTML
  Rendered analytics/test.html.haml within layouts/application (1.2ms)
Completed 200 OK in 19ms (Views: 17.7ms | ActiveRecord: 0.0ms)


Started GET "/analytics/test" for 127.0.0.1 at 2014-06-26 21:03:03 -0400
Processing by AnalyticsController#test as HTML
  Rendered analytics/test.html.haml within layouts/application (0.1ms)
Completed 200 OK in 5ms (Views: 4.6ms | ActiveRecord: 0.0ms)


Started GET "/assets/analytics.css?body=1" for 127.0.0.1 at 2014-06-26 21:03:03 -0400


Started GET "/assets/application.css?body=1" for 127.0.0.1 at 2014-06-26 21:03:03 -0400


Started GET "/assets/analytics.js?body=1" for 127.0.0.1 at 2014-06-26 21:03:03 -0400


Started GET "/assets/turbolinks.js?body=1" for 127.0.0.1 at 2014-06-26 21:03:03 -0400


Started GET "/assets/jquery_ujs.js?body=1" for 127.0.0.1 at 2014-06-26 21:03:03 -0400


Started GET "/assets/jquery.js?body=1" for 127.0.0.1 at 2014-06-26 21:03:03 -0400


Started GET "/assets/application.js?body=1" for 127.0.0.1 at 2014-06-26 21:03:03 -0400


Started GET "/analytics/test" for 127.0.0.1 at 2014-06-26 21:03:27 -0400
Processing by AnalyticsController#test as HTML
  Rendered analytics/test.html.haml within layouts/application (0.1ms)
Completed 200 OK in 12ms (Views: 10.7ms | ActiveRecord: 0.0ms)


Started GET "/assets/application.css?body=1" for 127.0.0.1 at 2014-06-26 21:03:27 -0400


Started GET "/assets/jquery.js?body=1" for 127.0.0.1 at 2014-06-26 21:03:27 -0400


Started GET "/assets/application.js?body=1" for 127.0.0.1 at 2014-06-26 21:03:27 -0400


Started GET "/assets/jquery_ujs.js?body=1" for 127.0.0.1 at 2014-06-26 21:03:27 -0400


Started GET "/assets/analytics.js?body=1" for 127.0.0.1 at 2014-06-26 21:03:27 -0400


Started GET "/assets/analytics.css?body=1" for 127.0.0.1 at 2014-06-26 21:03:27 -0400


Started GET "/assets/turbolinks.js?body=1" for 127.0.0.1 at 2014-06-26 21:03:27 -0400


Started GET "/analytics/funnels" for 127.0.0.1 at 2014-06-26 21:03:31 -0400
Processing by AnalyticsController#funnels as HTML
  Rendered analytics/funnels.html.haml within layouts/application (4.8ms)
Completed 200 OK in 14ms (Views: 13.1ms | ActiveRecord: 0.0ms)


Started GET "/analytics/traffic" for 127.0.0.1 at 2014-06-26 21:03:31 -0400
Processing by AnalyticsController#traffic as HTML
  Rendered analytics/traffic.html.haml within layouts/application (0.1ms)
Completed 200 OK in 13ms (Views: 12.0ms | ActiveRecord: 0.0ms)


Started GET "/analytics/events" for 127.0.0.1 at 2014-06-26 21:03:32 -0400
Processing by AnalyticsController#events as HTML
  Rendered analytics/events.html.haml within layouts/application (0.1ms)
Completed 200 OK in 8ms (Views: 6.9ms | ActiveRecord: 0.0ms)


Started GET "/analytics/events" for 127.0.0.1 at 2014-06-26 21:06:17 -0400
Processing by AnalyticsController#events as HTML
  Rendered analytics/events.html.haml within layouts/application (0.8ms)
Completed 500 Internal Server Error in 17ms

ActionView::Template::Error (Missing partial layout/_header with {:locale=>[:en], :formats=>[:html], :variants=>[], :handlers=>[:erb, :builder, :raw, :ruby, :jbuilder, :coffee, :haml]}. Searched in:
  * "/Users/shannonfox/canopyanalytics/app/views"
):
    16: </script>
    17: </head>
    18: <body>
    19: 	<%= render partial: "layout/header" %>
    20: <%= yield %>
    21: 
    22: </body>
  app/views/layouts/application.html.erb:19:in `_app_views_layouts_application_html_erb__331222493417727799_70231258363580'


  Rendered /Users/shannonfox/.rbenv/versions/2.1.2/lib/ruby/gems/2.1.0/gems/actionpack-4.1.2/lib/action_dispatch/middleware/templates/rescues/_trace.html.erb (3.8ms)
  Rendered /Users/shannonfox/.rbenv/versions/2.1.2/lib/ruby/gems/2.1.0/gems/actionpack-4.1.2/lib/action_dispatch/middleware/templates/rescues/_request_and_response.html.erb (0.9ms)
  Rendered /Users/shannonfox/.rbenv/versions/2.1.2/lib/ruby/gems/2.1.0/gems/actionpack-4.1.2/lib/action_dispatch/middleware/templates/rescues/template_error.html.erb within rescues/layout (18.3ms)


Started GET "/analytics/events" for 127.0.0.1 at 2014-06-26 21:06:36 -0400
Processing by AnalyticsController#events as HTML
  Rendered analytics/events.html.haml within layouts/application (0.2ms)
  Rendered layouts/_header.html.haml (1.5ms)
Completed 200 OK in 11ms (Views: 10.0ms | ActiveRecord: 0.0ms)


Started GET "/assets/analytics.css?body=1" for 127.0.0.1 at 2014-06-26 21:06:36 -0400


Started GET "/assets/jquery.js?body=1" for 127.0.0.1 at 2014-06-26 21:06:36 -0400


Started GET "/assets/jquery_ujs.js?body=1" for 127.0.0.1 at 2014-06-26 21:06:36 -0400


Started GET "/assets/turbolinks.js?body=1" for 127.0.0.1 at 2014-06-26 21:06:36 -0400


Started GET "/assets/application.js?body=1" for 127.0.0.1 at 2014-06-26 21:06:36 -0400


Started GET "/assets/application.css?body=1" for 127.0.0.1 at 2014-06-26 21:06:36 -0400


Started GET "/assets/analytics.js?body=1" for 127.0.0.1 at 2014-06-26 21:06:36 -0400


Started GET "/analytics/funnels" for 127.0.0.1 at 2014-06-26 21:06:39 -0400
Processing by AnalyticsController#funnels as HTML
  Rendered analytics/funnels.html.haml within layouts/application (0.1ms)
  Rendered layouts/_header.html.haml (2.4ms)
Completed 200 OK in 17ms (Views: 15.2ms | ActiveRecord: 0.0ms)


Started GET "/analytics/events" for 127.0.0.1 at 2014-06-26 21:06:40 -0400
Processing by AnalyticsController#events as HTML
  Rendered analytics/events.html.haml within layouts/application (0.3ms)
  Rendered layouts/_header.html.haml (0.1ms)
Completed 200 OK in 14ms (Views: 10.6ms | ActiveRecord: 0.0ms)


Started GET "/analytics/funnels" for 127.0.0.1 at 2014-06-26 21:06:40 -0400
Processing by AnalyticsController#funnels as HTML
  Rendered analytics/funnels.html.haml within layouts/application (0.2ms)
  Rendered layouts/_header.html.haml (0.4ms)
Completed 200 OK in 15ms (Views: 14.0ms | ActiveRecord: 0.0ms)


Started GET "/analytics/events" for 127.0.0.1 at 2014-06-26 21:06:42 -0400
Processing by AnalyticsController#events as HTML
  Rendered analytics/events.html.haml within layouts/application (0.3ms)
  Rendered layouts/_header.html.haml (0.3ms)
Completed 200 OK in 14ms (Views: 13.2ms | ActiveRecord: 0.0ms)


Started GET "/analytics/test" for 127.0.0.1 at 2014-06-26 21:06:43 -0400
Processing by AnalyticsController#test as HTML
  Rendered analytics/test.html.haml within layouts/application (0.1ms)
  Rendered layouts/_header.html.haml (0.2ms)
Completed 200 OK in 8ms (Views: 7.5ms | ActiveRecord: 0.0ms)


Started GET "/analytics/test" for 127.0.0.1 at 2014-06-26 21:06:56 -0400
Processing by AnalyticsController#test as HTML
  Rendered analytics/test.html.haml within layouts/application (0.1ms)
  Rendered layouts/_header.html.haml (4.4ms)
Completed 200 OK in 14ms (Views: 12.0ms | ActiveRecord: 0.0ms)


Started GET "/assets/analytics.css?body=1" for 127.0.0.1 at 2014-06-26 21:06:56 -0400


Started GET "/assets/application.css?body=1" for 127.0.0.1 at 2014-06-26 21:06:56 -0400


Started GET "/assets/jquery_ujs.js?body=1" for 127.0.0.1 at 2014-06-26 21:06:56 -0400


Started GET "/assets/application.js?body=1" for 127.0.0.1 at 2014-06-26 21:06:56 -0400


Started GET "/assets/jquery.js?body=1" for 127.0.0.1 at 2014-06-26 21:06:56 -0400


Started GET "/assets/turbolinks.js?body=1" for 127.0.0.1 at 2014-06-26 21:06:56 -0400


Started GET "/assets/analytics.js?body=1" for 127.0.0.1 at 2014-06-26 21:06:56 -0400


Started GET "/" for 127.0.0.1 at 2014-06-28 17:36:59 -0400

Gem::LoadError (Specified 'sqlite3' for database adapter, but the gem is not loaded. Add `gem 'sqlite3'` to your Gemfile (and ensure its version is at the minimum required by ActiveRecord).):
  activerecord (4.1.2) lib/active_record/connection_adapters/connection_specification.rb:190:in `rescue in spec'
  activerecord (4.1.2) lib/active_record/connection_adapters/connection_specification.rb:187:in `spec'
  activerecord (4.1.2) lib/active_record/connection_handling.rb:50:in `establish_connection'
  activerecord (4.1.2) lib/active_record/railtie.rb:129:in `block (2 levels) in <class:Railtie>'
  activesupport (4.1.2) lib/active_support/lazy_load_hooks.rb:38:in `instance_eval'
  activesupport (4.1.2) lib/active_support/lazy_load_hooks.rb:38:in `execute_hook'
  activesupport (4.1.2) lib/active_support/lazy_load_hooks.rb:45:in `block in run_load_hooks'
  activesupport (4.1.2) lib/active_support/lazy_load_hooks.rb:44:in `each'
  activesupport (4.1.2) lib/active_support/lazy_load_hooks.rb:44:in `run_load_hooks'
  activerecord (4.1.2) lib/active_record/base.rb:326:in `<module:ActiveRecord>'
  activerecord (4.1.2) lib/active_record/base.rb:23:in `<top (required)>'
  activerecord (4.1.2) lib/active_record/connection_adapters/abstract/connection_pool.rb:628:in `rescue in call'
  activerecord (4.1.2) lib/active_record/connection_adapters/abstract/connection_pool.rb:619:in `call'
  activerecord (4.1.2) lib/active_record/migration.rb:380:in `call'
  actionpack (4.1.2) lib/action_dispatch/middleware/callbacks.rb:29:in `block in call'
  activesupport (4.1.2) lib/active_support/callbacks.rb:82:in `run_callbacks'
  actionpack (4.1.2) lib/action_dispatch/middleware/callbacks.rb:27:in `call'
  actionpack (4.1.2) lib/action_dispatch/middleware/reloader.rb:73:in `call'
  actionpack (4.1.2) lib/action_dispatch/middleware/remote_ip.rb:76:in `call'
  actionpack (4.1.2) lib/action_dispatch/middleware/debug_exceptions.rb:17:in `call'
  actionpack (4.1.2) lib/action_dispatch/middleware/show_exceptions.rb:30:in `call'
  railties (4.1.2) lib/rails/rack/logger.rb:38:in `call_app'
  railties (4.1.2) lib/rails/rack/logger.rb:20:in `block in call'
  activesupport (4.1.2) lib/active_support/tagged_logging.rb:68:in `block in tagged'
  activesupport (4.1.2) lib/active_support/tagged_logging.rb:26:in `tagged'
  activesupport (4.1.2) lib/active_support/tagged_logging.rb:68:in `tagged'
  railties (4.1.2) lib/rails/rack/logger.rb:20:in `call'
  actionpack (4.1.2) lib/action_dispatch/middleware/request_id.rb:21:in `call'
  rack (1.5.2) lib/rack/methodoverride.rb:21:in `call'
  rack (1.5.2) lib/rack/runtime.rb:17:in `call'
  activesupport (4.1.2) lib/active_support/cache/strategy/local_cache_middleware.rb:26:in `call'
  rack (1.5.2) lib/rack/lock.rb:17:in `call'
  actionpack (4.1.2) lib/action_dispatch/middleware/static.rb:64:in `call'
  rack (1.5.2) lib/rack/sendfile.rb:112:in `call'
  railties (4.1.2) lib/rails/engine.rb:514:in `call'
  railties (4.1.2) lib/rails/application.rb:144:in `call'
  rack (1.5.2) lib/rack/lock.rb:17:in `call'
  rack (1.5.2) lib/rack/content_length.rb:14:in `call'
  rack (1.5.2) lib/rack/handler/webrick.rb:60:in `service'
  /Users/shannonfox/.rbenv/versions/2.1.2/lib/ruby/2.1.0/webrick/httpserver.rb:138:in `service'
  /Users/shannonfox/.rbenv/versions/2.1.2/lib/ruby/2.1.0/webrick/httpserver.rb:94:in `run'
  /Users/shannonfox/.rbenv/versions/2.1.2/lib/ruby/2.1.0/webrick/server.rb:295:in `block in start_thread'


  Rendered /Users/shannonfox/.rbenv/versions/2.1.2/lib/ruby/gems/2.1.0/gems/actionpack-4.1.2/lib/action_dispatch/middleware/templates/rescues/_source.erb (0.7ms)
  Rendered /Users/shannonfox/.rbenv/versions/2.1.2/lib/ruby/gems/2.1.0/gems/actionpack-4.1.2/lib/action_dispatch/middleware/templates/rescues/_trace.html.erb (1.1ms)
  Rendered /Users/shannonfox/.rbenv/versions/2.1.2/lib/ruby/gems/2.1.0/gems/actionpack-4.1.2/lib/action_dispatch/middleware/templates/rescues/_request_and_response.html.erb (0.9ms)
  Rendered /Users/shannonfox/.rbenv/versions/2.1.2/lib/ruby/gems/2.1.0/gems/actionpack-4.1.2/lib/action_dispatch/middleware/templates/rescues/diagnostics.erb within rescues/layout (18.8ms)
